The directory '/Users/samiraabnar/Library/Caches/pip/http' or its parent directory is not owned by the current user and the cache has been disabled. Please check the permissions and owner of that directory. If executing pip with sudo, you may want sudo's -H flag.
The directory '/Users/samiraabnar/Library/Caches/pip' or its parent directory is not owned by the current user and caching wheels has been disabled. check the permissions and owner of that directory. If executing pip with sudo, you may want sudo's -H flag.
Obtaining file:///Users/samiraabnar/Codes/tensor2tensor
Requirement already satisfied: bz2file in /anaconda/envs/myt2t/lib/python3.7/site-packages (from tensor2tensor==1.13.2) (0.98)
Requirement already satisfied: dopamine-rl in /anaconda/envs/myt2t/lib/python3.7/site-packages (from tensor2tensor==1.13.2) (2.0.3)
Requirement already satisfied: flask in /anaconda/envs/myt2t/lib/python3.7/site-packages (from tensor2tensor==1.13.2) (1.0.2)
Requirement already satisfied: future in /anaconda/envs/myt2t/lib/python3.7/site-packages (from tensor2tensor==1.13.2) (0.17.1)
Requirement already satisfied: gevent in /anaconda/envs/myt2t/lib/python3.7/site-packages (from tensor2tensor==1.13.2) (1.4.0)
Requirement already satisfied: gin-config in /anaconda/envs/myt2t/lib/python3.7/site-packages (from tensor2tensor==1.13.2) (0.1.4)
Requirement already satisfied: google-api-python-client in /anaconda/envs/myt2t/lib/python3.7/site-packages (from tensor2tensor==1.13.2) (1.7.8)
Requirement already satisfied: gunicorn in /anaconda/envs/myt2t/lib/python3.7/site-packages (from tensor2tensor==1.13.2) (19.9.0)
Requirement already satisfied: gym in /anaconda/envs/myt2t/lib/python3.7/site-packages (from tensor2tensor==1.13.2) (0.12.1)
Requirement already satisfied: h5py in /anaconda/envs/myt2t/lib/python3.7/site-packages (from tensor2tensor==1.13.2) (2.9.0)
Requirement already satisfied: kfac in /anaconda/envs/myt2t/lib/python3.7/site-packages (from tensor2tensor==1.13.2) (0.1.4)
Requirement already satisfied: mesh-tensorflow in /anaconda/envs/myt2t/lib/python3.7/site-packages (from tensor2tensor==1.13.2) (0.0.5)
Requirement already satisfied: numpy in /anaconda/envs/myt2t/lib/python3.7/site-packages (from tensor2tensor==1.13.2) (1.16.3)
Requirement already satisfied: oauth2client in /anaconda/envs/myt2t/lib/python3.7/site-packages (from tensor2tensor==1.13.2) (4.1.3)
Requirement already satisfied: opencv-python in /anaconda/envs/myt2t/lib/python3.7/site-packages (from tensor2tensor==1.13.2) (4.1.0.25)
Requirement already satisfied: Pillow in /anaconda/envs/myt2t/lib/python3.7/site-packages (from tensor2tensor==1.13.2) (6.0.0)
Requirement already satisfied: pypng in /anaconda/envs/myt2t/lib/python3.7/site-packages (from tensor2tensor==1.13.2) (0.0.19)
Requirement already satisfied: requests in /anaconda/envs/myt2t/lib/python3.7/site-packages (from tensor2tensor==1.13.2) (2.21.0)
Requirement already satisfied: scipy in /anaconda/envs/myt2t/lib/python3.7/site-packages (from tensor2tensor==1.13.2) (1.2.1)
Requirement already satisfied: six in /anaconda/envs/myt2t/lib/python3.7/site-packages (from tensor2tensor==1.13.2) (1.12.0)
Requirement already satisfied: sympy in /anaconda/envs/myt2t/lib/python3.7/site-packages (from tensor2tensor==1.13.2) (1.4)
Requirement already satisfied: tensorflow-datasets in /anaconda/envs/myt2t/lib/python3.7/site-packages (from tensor2tensor==1.13.2) (1.0.1)
Requirement already satisfied: tensorflow-probability in /anaconda/envs/myt2t/lib/python3.7/site-packages (from tensor2tensor==1.13.2) (0.6.0)
Requirement already satisfied: tqdm in /anaconda/envs/myt2t/lib/python3.7/site-packages (from tensor2tensor==1.13.2) (4.31.1)
Requirement already satisfied: absl-py>=0.2.2 in /anaconda/envs/myt2t/lib/python3.7/site-packages (from dopamine-rl->tensor2tensor==1.13.2) (0.7.1)
Requirement already satisfied: itsdangerous>=0.24 in /anaconda/envs/myt2t/lib/python3.7/site-packages (from flask->tensor2tensor==1.13.2) (1.1.0)
Requirement already satisfied: Werkzeug>=0.14 in /anaconda/envs/myt2t/lib/python3.7/site-packages (from flask->tensor2tensor==1.13.2) (0.15.2)
Requirement already satisfied: Jinja2>=2.10 in /anaconda/envs/myt2t/lib/python3.7/site-packages (from flask->tensor2tensor==1.13.2) (2.10.1)
Requirement already satisfied: click>=5.1 in /anaconda/envs/myt2t/lib/python3.7/site-packages (from flask->tensor2tensor==1.13.2) (7.0)
Requirement already satisfied: greenlet>=0.4.14; platform_python_implementation == "CPython" in /anaconda/envs/myt2t/lib/python3.7/site-packages (from gevent->tensor2tensor==1.13.2) (0.4.15)
Requirement already satisfied: enum34>=1.1.6 in /anaconda/envs/myt2t/lib/python3.7/site-packages (from gin-config->tensor2tensor==1.13.2) (1.1.6)
Requirement already satisfied: httplib2<1dev,>=0.9.2 in /anaconda/envs/myt2t/lib/python3.7/site-packages (from google-api-python-client->tensor2tensor==1.13.2) (0.12.1)
Requirement already satisfied: uritemplate<4dev,>=3.0.0 in /anaconda/envs/myt2t/lib/python3.7/site-packages (from google-api-python-client->tensor2tensor==1.13.2) (3.0.0)
Requirement already satisfied: google-auth>=1.4.1 in /anaconda/envs/myt2t/lib/python3.7/site-packages (from google-api-python-client->tensor2tensor==1.13.2) (1.6.3)
Requirement already satisfied: google-auth-httplib2>=0.0.3 in /anaconda/envs/myt2t/lib/python3.7/site-packages (from google-api-python-client->tensor2tensor==1.13.2) (0.0.3)
Requirement already satisfied: pyglet>=1.2.0 in /anaconda/envs/myt2t/lib/python3.7/site-packages (from gym->tensor2tensor==1.13.2) (1.3.2)
Requirement already satisfied: pyasn1>=0.1.7 in /anaconda/envs/myt2t/lib/python3.7/site-packages (from oauth2client->tensor2tensor==1.13.2) (0.4.5)
Requirement already satisfied: rsa>=3.1.4 in /anaconda/envs/myt2t/lib/python3.7/site-packages (from oauth2client->tensor2tensor==1.13.2) (4.0)
Requirement already satisfied: pyasn1-modules>=0.0.5 in /anaconda/envs/myt2t/lib/python3.7/site-packages (from oauth2client->tensor2tensor==1.13.2) (0.2.4)
Requirement already satisfied: certifi>=2017.4.17 in /anaconda/envs/myt2t/lib/python3.7/site-packages (from requests->tensor2tensor==1.13.2) (2019.3.9)
Requirement already satisfied: urllib3<1.25,>=1.21.1 in /anaconda/envs/myt2t/lib/python3.7/site-packages (from requests->tensor2tensor==1.13.2) (1.24.2)
Requirement already satisfied: chardet<3.1.0,>=3.0.2 in /anaconda/envs/myt2t/lib/python3.7/site-packages (from requests->tensor2tensor==1.13.2) (3.0.4)
Requirement already satisfied: idna<2.9,>=2.5 in /anaconda/envs/myt2t/lib/python3.7/site-packages (from requests->tensor2tensor==1.13.2) (2.8)
Requirement already satisfied: mpmath>=0.19 in /anaconda/envs/myt2t/lib/python3.7/site-packages (from sympy->tensor2tensor==1.13.2) (1.1.0)
Requirement already satisfied: termcolor in /anaconda/envs/myt2t/lib/python3.7/site-packages (from tensorflow-datasets->tensor2tensor==1.13.2) (1.1.0)
Requirement already satisfied: promise in /anaconda/envs/myt2t/lib/python3.7/site-packages (from tensorflow-datasets->tensor2tensor==1.13.2) (2.2.1)
Requirement already satisfied: wrapt in /anaconda/envs/myt2t/lib/python3.7/site-packages (from tensorflow-datasets->tensor2tensor==1.13.2) (1.11.1)
Requirement already satisfied: tensorflow-metadata in /anaconda/envs/myt2t/lib/python3.7/site-packages (from tensorflow-datasets->tensor2tensor==1.13.2) (0.13.0)
Requirement already satisfied: protobuf>=3.6.1 in /anaconda/envs/myt2t/lib/python3.7/site-packages (from tensorflow-datasets->tensor2tensor==1.13.2) (3.7.1)
Requirement already satisfied: MarkupSafe>=0.23 in /anaconda/envs/myt2t/lib/python3.7/site-packages (from Jinja2>=2.10->flask->tensor2tensor==1.13.2) (1.1.1)
Requirement already satisfied: cachetools>=2.0.0 in /anaconda/envs/myt2t/lib/python3.7/site-packages (from google-auth>=1.4.1->google-api-python-client->tensor2tensor==1.13.2) (3.1.0)
Requirement already satisfied: googleapis-common-protos in /anaconda/envs/myt2t/lib/python3.7/site-packages (from tensorflow-metadata->tensorflow-datasets->tensor2tensor==1.13.2) (1.5.9)
Requirement already satisfied: setuptools in /anaconda/envs/myt2t/lib/python3.7/site-packages (from protobuf>=3.6.1->tensorflow-datasets->tensor2tensor==1.13.2) (41.0.0)
Installing collected packages: tensor2tensor
  Found existing installation: tensor2tensor 1.13.2
    Uninstalling tensor2tensor-1.13.2:
      Successfully uninstalled tensor2tensor-1.13.2
  Running setup.py develop for tensor2tensor
Successfully installed tensor2tensor
